2020-05-15 03:03:20.152  INFO 7272 --- [main] lavalink.server.Launcher                 : 

[32m       .  [31m _                  _ _       _    [32m__ _ _
[32m      /\\ [31m| | __ ___   ____ _| (_)_ __ | | __[32m\ \ \ \
[32m     ( ( )[31m| |/ _` \ \ / / _` | | | '_ \| |/ /[32m \ \ \ \
[32m      \\/ [31m| | (_| |\ V / (_| | | | | | |   < [32m  ) ) ) )
[32m       '  [31m|_|\__,_| \_/ \__,_|_|_|_| |_|_|\_\[32m / / / /
[0m    =========================================[32m/_/_/_/[0m

	Version:        e7220eaecb3f1db1cd21a1c1ba47d464358b141f-SNAPSHOT
	Build:          1002
	Build time:     28.03.2020 19:31:09 UTC
	Branch          master
	Commit:         e7220ea
	Commit time:    28.03.2020 19:29:10 UTC
	JVM:            11.0.7
	Lavaplayer      1.3.38

2020-05-15 03:03:20.242  INFO 7272 --- [main] lavalink.server.Launcher                 : Starting Launcher on DESKTOP-VNHKR0R with PID 7272 (C:\Users\mattn\Documents\projects\JrKaito\modules\lavaLink\Lavalink.jar started by mattn in C:\Users\mattn\Documents\projects\JrKaito\modules\lavaLink)
2020-05-15 03:03:20.243  INFO 7272 --- [main] lavalink.server.Launcher                 : No active profile set, falling back to default profiles: default
2020-05-15 03:03:20.290  WARN 7272 --- [background-preinit] o.s.h.c.j.Jackson2ObjectMapperBuilder    : For Jackson Kotlin classes support please add "com.fasterxml.jackson.module:jackson-module-kotlin" to the classpath
2020-05-15 03:03:21.305  WARN 7272 --- [main] io.undertow.websockets.jsr               : UT026010: Buffer pool was not set on WebSocketDeploymentInfo, the default pool will be used
2020-05-15 03:03:21.332  INFO 7272 --- [main] io.undertow.servlet                      : Initializing Spring embedded WebApplicationContext
2020-05-15 03:03:21.332  INFO 7272 --- [main] o.s.web.context.ContextLoader            : Root WebApplicationContext: initialization completed in 1051 ms
2020-05-15 03:03:21.656  WARN 7272 --- [main] l.server.config.SentryConfiguration      : Turning off sentry
2020-05-15 03:03:21.665  INFO 7272 --- [main] l.s.c.AudioSendFactoryConfiguration      : OS: Windows 10, Arch: amd64
2020-05-15 03:03:21.665  INFO 7272 --- [main] l.s.c.AudioSendFactoryConfiguration      : JDA-NAS supported system detected. Enabled native audio sending.
2020-05-15 03:03:21.665  INFO 7272 --- [main] l.s.c.AudioSendFactoryConfiguration      : Setting buffer to 400ms
2020-05-15 03:03:21.666  INFO 7272 --- [main] l.s.c.AudioSendFactoryConfiguration      : Setting playlist load limit to 6
2020-05-15 03:03:21.927  INFO 7272 --- [main] c.s.d.l.tools.GarbageCollectionMonitor   : GC monitoring enabled, reporting results every 2 minutes.
2020-05-15 03:03:22.231  INFO 7272 --- [main] o.s.s.concurrent.ThreadPoolTaskExecutor  : Initializing ExecutorService 'applicationTaskExecutor'
2020-05-15 03:03:22.519  INFO 7272 --- [main] org.xnio                                 : XNIO version 3.3.8.Final
2020-05-15 03:03:22.529  INFO 7272 --- [main] org.xnio.nio                             : XNIO NIO Implementation Version 3.3.8.Final
2020-05-15 03:03:22.597  INFO 7272 --- [main] o.s.b.w.e.u.UndertowServletWebServer     : Undertow started on port(s) 2333 (http) with context path ''
2020-05-15 03:03:22.602  INFO 7272 --- [main] lavalink.server.Launcher                 : Started Launcher in 2.938 seconds (JVM running for 3.632)
2020-05-15 03:07:15.641  INFO 8440 --- [main] lavalink.server.Launcher                 : 

[32m       .  [31m _                  _ _       _    [32m__ _ _
[32m      /\\ [31m| | __ ___   ____ _| (_)_ __ | | __[32m\ \ \ \
[32m     ( ( )[31m| |/ _` \ \ / / _` | | | '_ \| |/ /[32m \ \ \ \
[32m      \\/ [31m| | (_| |\ V / (_| | | | | | |   < [32m  ) ) ) )
[32m       '  [31m|_|\__,_| \_/ \__,_|_|_|_| |_|_|\_\[32m / / / /
[0m    =========================================[32m/_/_/_/[0m

	Version:        e7220eaecb3f1db1cd21a1c1ba47d464358b141f-SNAPSHOT
	Build:          1002
	Build time:     28.03.2020 19:31:09 UTC
	Branch          master
	Commit:         e7220ea
	Commit time:    28.03.2020 19:29:10 UTC
	JVM:            11.0.7
	Lavaplayer      1.3.38

2020-05-15 03:07:15.728  INFO 8440 --- [main] lavalink.server.Launcher                 : Starting Launcher on DESKTOP-VNHKR0R with PID 8440 (C:\Users\mattn\Documents\projects\JrKaito\modules\lavaLink\Lavalink.jar started by mattn in C:\Users\mattn\Documents\projects\JrKaito\modules\lavaLink)
2020-05-15 03:07:15.729  INFO 8440 --- [main] lavalink.server.Launcher                 : No active profile set, falling back to default profiles: default
2020-05-15 03:07:15.815  WARN 8440 --- [background-preinit] o.s.h.c.j.Jackson2ObjectMapperBuilder    : For Jackson Kotlin classes support please add "com.fasterxml.jackson.module:jackson-module-kotlin" to the classpath
2020-05-15 03:07:16.701  WARN 8440 --- [main] io.undertow.websockets.jsr               : UT026010: Buffer pool was not set on WebSocketDeploymentInfo, the default pool will be used
2020-05-15 03:07:16.720  INFO 8440 --- [main] io.undertow.servlet                      : Initializing Spring embedded WebApplicationContext
2020-05-15 03:07:16.721  INFO 8440 --- [main] o.s.web.context.ContextLoader            : Root WebApplicationContext: initialization completed in 954 ms
2020-05-15 03:07:17.031  WARN 8440 --- [main] l.server.config.SentryConfiguration      : Turning off sentry
2020-05-15 03:07:17.041  INFO 8440 --- [main] l.s.c.AudioSendFactoryConfiguration      : OS: Windows 10, Arch: amd64
2020-05-15 03:07:17.041  INFO 8440 --- [main] l.s.c.AudioSendFactoryConfiguration      : JDA-NAS supported system detected. Enabled native audio sending.
2020-05-15 03:07:17.043  INFO 8440 --- [main] l.s.c.AudioSendFactoryConfiguration      : Setting buffer to 400ms
2020-05-15 03:07:17.044  INFO 8440 --- [main] l.s.c.AudioSendFactoryConfiguration      : Setting playlist load limit to 6
2020-05-15 03:07:17.293  INFO 8440 --- [main] c.s.d.l.tools.GarbageCollectionMonitor   : GC monitoring enabled, reporting results every 2 minutes.
2020-05-15 03:07:17.603  INFO 8440 --- [main] o.s.s.concurrent.ThreadPoolTaskExecutor  : Initializing ExecutorService 'applicationTaskExecutor'
2020-05-15 03:07:17.850  INFO 8440 --- [main] org.xnio                                 : XNIO version 3.3.8.Final
2020-05-15 03:07:17.876  INFO 8440 --- [main] org.xnio.nio                             : XNIO NIO Implementation Version 3.3.8.Final
2020-05-15 03:07:17.935  INFO 8440 --- [main] o.s.b.w.e.u.UndertowServletWebServer     : Undertow started on port(s) 2333 (http) with context path ''
2020-05-15 03:07:17.939  INFO 8440 --- [main] lavalink.server.Launcher                 : Started Launcher in 2.716 seconds (JVM running for 3.156)
2020-05-15 03:07:24.794  INFO 8440 --- [XNIO-1 task-1] io.undertow.servlet                      : Initializing Spring DispatcherServlet 'dispatcherServlet'
2020-05-15 03:07:24.796  INFO 8440 --- [XNIO-1 task-1] o.s.web.servlet.DispatcherServlet        : Initializing Servlet 'dispatcherServlet'
2020-05-15 03:07:24.806  INFO 8440 --- [XNIO-1 task-1] o.s.web.servlet.DispatcherServlet        : Completed initialization in 9 ms
2020-05-15 03:07:24.834  INFO 8440 --- [XNIO-1 task-1] l.server.io.HandshakeInterceptorImpl     : Incoming connection from /127.0.0.1:50135
2020-05-15 03:07:24.968  INFO 8440 --- [XNIO-1 task-1] lavalink.server.io.SocketServer          : Connection successfully established from /127.0.0.1:50135
2020-05-15 03:08:00.987  INFO 8440 --- [XNIO-1 I/O-11] lavalink.server.io.SocketServer          : Connection closed from /127.0.0.1:50135 -- CloseStatus[code=1006, reason=]
2020-05-15 03:08:00.989  INFO 8440 --- [XNIO-1 I/O-11] lavalink.server.io.SocketContext         : Shutting down 0 playing players.
2020-05-15 03:09:13.559  INFO 8440 --- [XNIO-1 task-2] l.server.io.HandshakeInterceptorImpl     : Incoming connection from /127.0.0.1:50155
2020-05-15 03:09:13.574  INFO 8440 --- [XNIO-1 task-2] lavalink.server.io.SocketServer          : Connection successfully established from /127.0.0.1:50155
2020-05-15 03:09:43.580  INFO 8440 --- [XNIO-1 I/O-7] lavalink.server.io.SocketServer          : Connection closed from /127.0.0.1:50155 -- CloseStatus[code=1006, reason=]
2020-05-15 03:09:43.582  INFO 8440 --- [XNIO-1 I/O-7] lavalink.server.io.SocketContext         : Shutting down 0 playing players.
